2020-08-04 09:31:13.570  WARN 5872 --- [HikariPool-1 housekeeper] com.zaxxer.hikari.pool.HikariPool        : HikariPool-1 - Thread starvation or clock leap detected (housekeeper delta=10h54m21s421ms677µs449ns).
2020-08-04 14:07:06.208  INFO 16212 --- [restartedMain] c.e.community.CommunityApplication       : Starting CommunityApplication on DESKTOP-RPROTA7 with PID 16212 (D:\Users\machenike\community\target\classes started by 杭电吴彦祖 in D:\Users\machenike\community)
2020-08-04 14:07:06.210  INFO 16212 --- [restartedMain] c.e.community.CommunityApplication       : No active profile set, falling back to default profiles: default
2020-08-04 14:07:06.255  INFO 16212 --- [restartedMain] .e.DevToolsPropertyDefaultsPostProcessor : Devtools property defaults active! Set 'spring.devtools.add-properties' to 'false' to disable
2020-08-04 14:07:06.255  INFO 16212 --- [restartedMain] .e.DevToolsPropertyDefaultsPostProcessor : For additional web related logging consider setting the 'logging.level.web' property to 'DEBUG'
2020-08-04 14:07:07.424  INFO 16212 --- [restartedMain] o.s.b.w.embedded.tomcat.TomcatWebServer  : Tomcat initialized with port(s): 8080 (http)
2020-08-04 14:07:07.431  INFO 16212 --- [restartedMain] o.apache.catalina.core.StandardService   : Starting service [Tomcat]
2020-08-04 14:07:07.431  INFO 16212 --- [restartedMain] org.apache.catalina.core.StandardEngine  : Starting Servlet engine: [Apache Tomcat/9.0.36]
2020-08-04 14:07:07.522  INFO 16212 --- [restartedMain] o.a.c.c.C.[Tomcat].[localhost].[/]       : Initializing Spring embedded WebApplicationContext
2020-08-04 14:07:07.522  INFO 16212 --- [restartedMain] w.s.c.ServletWebServerApplicationContext : Root WebApplicationContext: initialization completed in 1267 ms
2020-08-04 14:07:08.003  INFO 16212 --- [restartedMain] o.s.s.concurrent.ThreadPoolTaskExecutor  : Initializing ExecutorService 'applicationTaskExecutor'
2020-08-04 14:07:08.064  INFO 16212 --- [restartedMain] o.s.b.a.w.s.WelcomePageHandlerMapping    : Adding welcome page template: index
2020-08-04 14:07:08.272  INFO 16212 --- [restartedMain] o.s.b.d.a.OptionalLiveReloadServer       : LiveReload server is running on port 35729
2020-08-04 14:07:08.305  INFO 16212 --- [restartedMain] o.s.b.w.embedded.tomcat.TomcatWebServer  : Tomcat started on port(s): 8080 (http) with context path ''
2020-08-04 14:07:08.315  INFO 16212 --- [restartedMain] c.e.community.CommunityApplication       : Started CommunityApplication in 2.446 seconds (JVM running for 3.279)
2020-08-04 14:07:16.752  INFO 16212 --- [http-nio-8080-exec-1] o.a.c.c.C.[Tomcat].[localhost].[/]       : Initializing Spring DispatcherServlet 'dispatcherServlet'
2020-08-04 14:07:16.752  INFO 16212 --- [http-nio-8080-exec-1] o.s.web.servlet.DispatcherServlet        : Initializing Servlet 'dispatcherServlet'
2020-08-04 14:07:16.760  INFO 16212 --- [http-nio-8080-exec-1] o.s.web.servlet.DispatcherServlet        : Completed initialization in 8 ms
2020-08-04 14:07:16.821  INFO 16212 --- [http-nio-8080-exec-1] com.zaxxer.hikari.HikariDataSource       : HikariPool-1 - Starting...
2020-08-04 14:07:16.927  INFO 16212 --- [http-nio-8080-exec-1] com.zaxxer.hikari.HikariDataSource       : HikariPool-1 - Start completed.
